<?xml version="1.0" encoding="UTF-8"?>
<!-- Generated by org.testng.reporters.JUnitReportReporter -->
<testsuite hostname="DESKTOP-34QQU7T" failures="0" tests="1" name="TestNgTutorial.TestNGBasic" time="0.017" errors="0" timestamp="7 Sep 2020 19:34:53 GMT">
  <testcase classname="TestNgTutorial.TestNGBasic" name="firstProgram" time="0.017"/>
</testsuite> <!-- TestNgTutorial.TestNGBasic -->
